2019.06.24-00:05:01 ----------------------------------------------------------
2019.06.24-00:05:01 Building Magellan2
2019.06.24-00:05:01 Project........: Magellan2 / v2.0.6
2019.06.24-00:05:01 Source.........: https://svn.code.sf.net/p/magellan-client/code/trunk/magellan2/
2019.06.24-00:05:01 Destination....: nightly-build/magellan_v2.0.6
2019.06.24-00:05:01 ----------------------------------------------------------
2019.06.24-00:05:01 Setting locale properties
2019.06.24-00:05:01 ----------------------------------------------------------
2019.06.24-00:05:01 Creating environment
2019.06.24-00:05:07 Ready
2019.06.24-00:05:07 ----------------------------------------------------------
2019.06.24-00:05:07 Checkout Magellan2 from SVN ....
2019.06.24-00:06:43 Ready...
2019.06.24-00:06:43 ----------------------------------------------------------
2019.06.24-00:06:43 Creating Source-ZIP ...
2019.06.24-00:06:44 ----------------------------------------------------------
2019.06.24-00:06:44 Make Magellan2 distribution...
Trying to override old definition of task javac
     [echo] Cleaning /var/www/vhosts/narabi.de/magellan/development/magellan2/classes folder
     [echo] Cleaning /var/www/vhosts/narabi.de/magellan/development/magellan2/release folder
     [echo] Cleaning /var/www/vhosts/narabi.de/magellan/development/magellan2/macos folder
     [echo] Cleaning default
     [echo] Compiling Library...
    [javac] warning: [options] bootstrap class path not set in conjunction with -source 7
    [javac] Note: Some input files use or override a deprecated API.
    [javac] Note: Recompile with -Xlint:deprecation for details.
    [javac] 1 warning
     [echo] Building Magellan Library JAR file
     [echo] Compiling Client...
    [javac] warning: [options] bootstrap class path not set in conjunction with -source 7
    [javac] Note: Some input files use or override a deprecated API.
    [javac] Note: Recompile with -Xlint:deprecation for details.
    [javac] Note: Some input files use unchecked or unsafe operations.
    [javac] Note: Recompile with -Xlint:unchecked for details.
    [javac] 1 warning
     [echo] Compiling PlugIns...
    [javac] warning: [options] bootstrap class path not set in conjunction with -source 7
    [javac] Note: /var/www/vhosts/narabi.de/magellan/development/magellan2/src-plugins/magellan/plugin/extendedcommands/ExtendedCommandsPlugIn.java uses or overrides a deprecated API.
    [javac] Note: Recompile with -Xlint:deprecation for details.
    [javac] Note: Some input files use unchecked or unsafe operations.
    [javac] Note: Recompile with -Xlint:unchecked for details.
    [javac] 1 warning
     [echo] Building Magellan PlugIns JAR file
     [echo] Building Magellan Help JAR file
     [echo] Copying application data to /var/www/vhosts/narabi.de/magellan/development/magellan2/release...
     [echo] Creating ZIP Distribution
     [echo] Creating MacOS Distribution
     [echo] Cleaning /var/www/vhosts/narabi.de/magellan/development/magellan2/classes folder
     [echo] Cleaning /var/www/vhosts/narabi.de/magellan/development/magellan2/release folder
     [echo] Cleaning /var/www/vhosts/narabi.de/magellan/development/magellan2/macos folder
     [echo] Cleaning default

BUILD SUCCESSFUL
Total time: 27 seconds
tar: *: Cannot stat: No such file or directory
tar: Exiting with failure status due to previous errors
2019.06.24-00:07:13 Ready...
2019.06.24-00:07:13 ----------------------------------------------------------
2019.06.24-00:07:13 Building JavaDOC....
Trying to override old definition of task javac
     [echo] Running JavaDoc
  [javadoc] /var/www/vhosts/narabi.de/magellan/development/magellan2/src-client/magellan/client/actions/file/OpenCRAction.java:27: error: bad use of '>'
  [javadoc]  * This action is called, if the user chooses the menu File > Open. This class loads a new CR into
  [javadoc]                                                             ^
  [javadoc] /var/www/vhosts/narabi.de/magellan/development/magellan2/src-client/magellan/client/actions/map/FillInsideAction.java:21: error: bad use of '>'
  [javadoc]  * Adds all regions "inside" the current selection. -> in each of the 6 directions a region in the
  [javadoc]                                                      ^
  [javadoc] /var/www/vhosts/narabi.de/magellan/development/magellan2/src-client/magellan/client/swing/RoutingDialog.java:374: error: self-closing element not allowed
  [javadoc]    * Represents the result of the dialog. This is basically a tuple consisting of <br/>
  [javadoc]                                                                                   ^
  [javadoc] /var/www/vhosts/narabi.de/magellan/development/magellan2/src-client/magellan/client/swing/RoutingDialog.java:375: error: self-closing element not allowed
  [javadoc]    * <code>dest</code> - the destination coordinate<br/>
  [javadoc]                                                    ^
  [javadoc] /var/www/vhosts/narabi.de/magellan/development/magellan2/src-client/magellan/client/swing/RoutingDialog.java:376: error: self-closing element not allowed
  [javadoc]    * <code>makeRoute</code> - whether to construct a route rather than a simple path<br/>
  [javadoc]                                                                                     ^
  [javadoc] /var/www/vhosts/narabi.de/magellan/development/magellan2/src-client/magellan/client/swing/RoutingDialog.java:377: error: self-closing element not allowed
  [javadoc]    * <code>useRange</code> - whether to consider the ship range<br/>
  [javadoc]                                                                ^
  [javadoc] /var/www/vhosts/narabi.de/magellan/development/magellan2/src-client/magellan/client/swing/RoutingDialog.java:378: error: self-closing element not allowed
  [javadoc]    * <code>useVorlage</code> - whether to create Vorlage orders<br/>
  [javadoc]                                                                ^
  [javadoc] /var/www/vhosts/narabi.de/magellan/development/magellan2/src-client/magellan/client/swing/map/Mapper.java:76: error: tag not supported in the generated HTML version: tt
  [javadoc]  * A component displaying a map based on a <tt>GameData</tt> object. The appearance of the map is
  [javadoc]                                            ^
  [javadoc] /var/www/vhosts/narabi.de/magellan/development/magellan2/src-client/magellan/client/swing/map/Mapper.java:77: error: tag not supported in the generated HTML version: tt
  [javadoc]  * made configurable by using combinations of classes implementing the <tt>CellRenderers</tt>
  [javadoc]                                                                        ^
  [javadoc] /var/www/vhosts/narabi.de/magellan/development/magellan2/src-client/magellan/client/swing/preferences/PreferencesDialog.java:67: error: unexpected end tag: </p>
  [javadoc]  * </p>
  [javadoc]    ^
  [javadoc] /var/www/vhosts/narabi.de/magellan/development/magellan2/src-client/magellan/client/swing/table/TableSorter.java:48: error: self-closing element not allowed
  [javadoc]  * <p/>
  [javadoc]    ^
  [javadoc] /var/www/vhosts/narabi.de/magellan/development/magellan2/src-client/magellan/client/swing/table/TableSorter.java:54: error: self-closing element not allowed
  [javadoc]  * <p/>
  [javadoc]    ^
  [javadoc] /var/www/vhosts/narabi.de/magellan/development/magellan2/src-client/magellan/client/swing/table/TableSorter.java:70: error: self-closing element not allowed
  [javadoc]  * <p/>
  [javadoc]    ^
  [javadoc] /var/www/vhosts/narabi.de/magellan/development/magellan2/src-client/magellan/client/utils/BookmarkManager.java:60: error: self-closing element not allowed
  [javadoc]  * Manages setting an getting of Bookmarks.<br/>
  [javadoc]                                            ^
  [javadoc] /var/www/vhosts/narabi.de/magellan/development/magellan2/src-client/magellan/client/utils/BookmarkManager.java:61: error: self-closing element not allowed
  [javadoc]  * - CTRL + F2 : place a bookmark on the current activeObject or removes it if already bookmarked<br/>
  [javadoc]                                                                                                  ^
  [javadoc] /var/www/vhosts/narabi.de/magellan/development/magellan2/src-client/magellan/client/utils/BookmarkManager.java:62: error: self-closing element not allowed
  [javadoc]  * - F2 : go to next bookmark<br/>
  [javadoc]                              ^
  [javadoc] /var/www/vhosts/narabi.de/magellan/development/magellan2/src-library/magellan/library/Border.java:19: error: bad use of '>'
  [javadoc]  * Container class for a region border based on its representation in a cr version > 45.
  [javadoc]                                                                                    ^
  [javadoc] /var/www/vhosts/narabi.de/magellan/development/magellan2/src-library/magellan/library/CompleteData.java:31: error: tag not supported in the generated HTML version: tt
  [javadoc]  * An implementation of the <tt>GameData</tt> supporting all of the attributes defined there. No
  [javadoc]                             ^
  [javadoc] /var/www/vhosts/narabi.de/magellan/development/magellan2/src-library/magellan/library/CompleteData.java:32: error: tag not supported in the generated HTML version: tt
  [javadoc]  * maps are defined as <tt>null</tt>.
  [javadoc]                        ^
  [javadoc] /var/www/vhosts/narabi.de/magellan/development/magellan2/src-library/magellan/library/GameData.java:81: error: tag not supported in the generated HTML version: tt
  [javadoc]  * game data by declaring certain maps as <tt>null</tt> and returning <tt>null</tt> on the
  [javadoc]                                           ^
  [javadoc] /var/www/vhosts/narabi.de/magellan/development/magellan2/src-library/magellan/library/GameData.java:81: error: tag not supported in the generated HTML version: tt
  [javadoc]  * game data by declaring certain maps as <tt>null</tt> and returning <tt>null</tt> on the
  [javadoc]                                                                       ^
  [javadoc] /var/www/vhosts/narabi.de/magellan/development/magellan2/src-library/magellan/library/GameData.java:83: error: tag not supported in the generated HTML version: tt
  [javadoc]  * the <tt>CompleteData</tt> subclass.
  [javadoc]        ^
  [javadoc] /var/www/vhosts/narabi.de/magellan/development/magellan2/src-library/magellan/library/Message.java:23: error: bad use of '>'
  [javadoc]  * The new format of messages in Eressea CR versions >= 41 made it necessary to reconsider this
  [javadoc]                                                      ^
  [javadoc] /var/www/vhosts/narabi.de/magellan/development/magellan2/src-library/magellan/library/Message.java:31: error: tag not supported in the generated HTML version: tt
  [javadoc]  * transformed into a <tt>MessageType</tt> object.
  [javadoc]                       ^
  [javadoc] /var/www/vhosts/narabi.de/magellan/development/magellan2/src-library/magellan/library/Message.java:36: error: tag not supported in the generated HTML version: tt
  [javadoc]  * other attributes. This class does contain a <tt>render()</tt> method, still, it is too primitive
  [javadoc]                                                ^
  [javadoc] /var/www/vhosts/narabi.de/magellan/development/magellan2/src-library/magellan/library/Message.java:41: error: tag not supported in the generated HTML version: tt
  [javadoc]  * Note, that for historic reasons, a <tt>Message</tt> object might have no type or attributes and
  [javadoc]                                       ^
  [javadoc] /var/www/vhosts/narabi.de/magellan/development/magellan2/src-library/magellan/library/MissingData.java:17: error: tag not supported in the generated HTML version: tt
  [javadoc]  * A Zero Pattern implementation of the <tt>GameData</tt> supporting all of the attributes defined
  [javadoc]                                         ^
  [javadoc] /var/www/vhosts/narabi.de/magellan/development/magellan2/src-library/magellan/library/MissingData.java:18: error: tag not supported in the generated HTML version: tt
  [javadoc]  * there. No maps are defined as <tt>null</tt>.
  [javadoc]                                  ^
  [javadoc] /var/www/vhosts/narabi.de/magellan/development/magellan2/src-library/magellan/library/Potion.java:19: error: bad use of '>'
  [javadoc]  * Container class for a potion based on its representation in a cr version >= 42.
  [javadoc]                                                                             ^
  [javadoc] /var/www/vhosts/narabi.de/magellan/development/magellan2/src-library/magellan/library/Region.java:44: error: bad use of '>'
  [javadoc]    * 0..very poor - no info (->visibility=null)<br />
  [javadoc]                               ^
  [javadoc] /var/www/vhosts/narabi.de/magellan/development/magellan2/src-library/magellan/library/Region.java:44: error: self-closing element not allowed
  [javadoc]    * 0..very poor - no info (->visibility=null)<br />
  [javadoc]                                                ^
  [javadoc] /var/www/vhosts/narabi.de/magellan/development/magellan2/src-library/magellan/library/Region.java:45: error: self-closing element not allowed
  [javadoc]    * 1..neighbour<br />
  [javadoc]                  ^
  [javadoc] /var/www/vhosts/narabi.de/magellan/development/magellan2/src-library/magellan/library/Region.java:46: error: self-closing element not allowed
  [javadoc]    * 2..lighthouse<br />
  [javadoc]                   ^
  [javadoc] /var/www/vhosts/narabi.de/magellan/development/magellan2/src-library/magellan/library/Region.java:47: error: self-closing element not allowed
  [javadoc]    * 3..travel<br />
  [javadoc]               ^
  [javadoc] /var/www/vhosts/narabi.de/magellan/development/magellan2/src-library/magellan/library/Region.java:48: error: bad use of '>'
  [javadoc]    * 4..qualified unit in region (->visibility=null)
  [javadoc]                                    ^
  [javadoc] /var/www/vhosts/narabi.de/magellan/development/magellan2/src-library/magellan/library/Rules.java:41: error: tag not supported in the generated HTML version: tt
  [javadoc]  * access-methods to the various collections (<tt>getXXX()</tt>) return their objects not only by
  [javadoc]                                               ^
  [javadoc] /var/www/vhosts/narabi.de/magellan/development/magellan2/src-library/magellan/library/Spell.java:23: error: bad use of '>'
  [javadoc]  * Container class for a spell based on its representation in a cr version >= 42.
  [javadoc]                                                                            ^
  [javadoc] /var/www/vhosts/narabi.de/magellan/development/magellan2/src-library/magellan/library/gamebinding/AbstractOrderCompleter.java:59: error: tag not supported in the generated HTML version: tt
  [javadoc]  * <tt>OrderParser</tt> for reading input which calls the cmpltX methods of this class when it
  [javadoc]    ^
  [javadoc] /var/www/vhosts/narabi.de/magellan/development/magellan2/src-library/magellan/library/gamebinding/AbstractOrderCompleter.java:60: error: tag not supported in the generated HTML version: tt
  [javadoc]  * encounters an incomplete order and has a <tt>OrderCompleter</tt> object registered. A
  [javadoc]                                             ^
  [javadoc] /var/www/vhosts/narabi.de/magellan/development/magellan2/src-library/magellan/library/gamebinding/AbstractOrderCompleter.java:61: error: tag not supported in the generated HTML version: tt
  [javadoc]  * <tt>OrderCompleter</tt> wraps itself around a <tt>OrderParser</tt> so you do not get involved
  [javadoc]    ^
  [javadoc] /var/www/vhosts/narabi.de/magellan/development/magellan2/src-library/magellan/library/gamebinding/AbstractOrderCompleter.java:61: error: tag not supported in the generated HTML version: tt
  [javadoc]  * <tt>OrderCompleter</tt> wraps itself around a <tt>OrderParser</tt> so you do not get involved
  [javadoc]                                                  ^
  [javadoc] /var/www/vhosts/narabi.de/magellan/development/magellan2/src-library/magellan/library/gamebinding/AbstractOrderCompleter.java:62: error: tag not supported in the generated HTML version: tt
  [javadoc]  * with any of the cmpltX methods. They are solely called by the internal <tt>OrderParser</tt>.
  [javadoc]                                                                           ^
  [javadoc] /var/www/vhosts/narabi.de/magellan/development/magellan2/src-library/magellan/library/gamebinding/AbstractOrderParser.java:57: error: tag not supported in the generated HTML version: tt
  [javadoc]  * <tt>OrderParser</tt> object can register a <tt>OrderCompleter</tt> object. In such a case the
  [javadoc]    ^
  [javadoc] /var/www/vhosts/narabi.de/magellan/development/magellan2/src-library/magellan/library/gamebinding/AbstractOrderParser.java:57: error: tag not supported in the generated HTML version: tt
  [javadoc]  * <tt>OrderParser</tt> object can register a <tt>OrderCompleter</tt> object. In such a case the
  [javadoc]                                               ^
  [javadoc] /var/www/vhosts/narabi.de/magellan/development/magellan2/src-library/magellan/library/gamebinding/AbstractOrderParser.java:58: error: tag not supported in the generated HTML version: tt
  [javadoc]  * <tt>OrderParser</tt> will call the corresponding methods of the <tt>OrderCompleter</tt> if it
  [javadoc]    ^
  [javadoc] /var/www/vhosts/narabi.de/magellan/development/magellan2/src-library/magellan/library/gamebinding/AbstractOrderParser.java:58: error: tag not supported in the generated HTML version: tt
  [javadoc]  * <tt>OrderParser</tt> will call the corresponding methods of the <tt>OrderCompleter</tt> if it
  [javadoc]                                                                    ^
  [javadoc] /var/www/vhosts/narabi.de/magellan/development/magellan2/src-library/magellan/library/gamebinding/EresseaOrderCompleter.java:57: error: tag not supported in the generated HTML version: tt
  [javadoc]  * <tt>OrderParser</tt> for reading input which calls the cmpltX methods of this class when it
  [javadoc]    ^
  [javadoc] /var/www/vhosts/narabi.de/magellan/development/magellan2/src-library/magellan/library/gamebinding/EresseaOrderCompleter.java:58: error: tag not supported in the generated HTML version: tt
  [javadoc]  * encounters an incomplete order and has a <tt>OrderCompleter</tt> object registered. A
  [javadoc]                                             ^
  [javadoc] /var/www/vhosts/narabi.de/magellan/development/magellan2/src-library/magellan/library/gamebinding/EresseaOrderCompleter.java:59: error: tag not supported in the generated HTML version: tt
  [javadoc]  * <tt>OrderCompleter</tt> wraps itself around a <tt>OrderParser</tt> so you do not get involved
  [javadoc]    ^
  [javadoc] /var/www/vhosts/narabi.de/magellan/development/magellan2/src-library/magellan/library/gamebinding/EresseaOrderCompleter.java:59: error: tag not supported in the generated HTML version: tt
  [javadoc]  * <tt>OrderCompleter</tt> wraps itself around a <tt>OrderParser</tt> so you do not get involved
  [javadoc]                                                  ^
  [javadoc] /var/www/vhosts/narabi.de/magellan/development/magellan2/src-library/magellan/library/gamebinding/EresseaOrderCompleter.java:60: error: tag not supported in the generated HTML version: tt
  [javadoc]  * with any of the cmpltX methods. They are solely called by the internal <tt>OrderParser</tt>.
  [javadoc]                                                                           ^
  [javadoc] /var/www/vhosts/narabi.de/magellan/development/magellan2/src-library/magellan/library/gamebinding/EresseaOrderParser.java:39: error: tag not supported in the generated HTML version: tt
  [javadoc]  * <tt>OrderParser</tt> object can register a <tt>OrderCompleter</tt> object. In such a case the
  [javadoc]    ^
  [javadoc] /var/www/vhosts/narabi.de/magellan/development/magellan2/src-library/magellan/library/gamebinding/EresseaOrderParser.java:39: error: tag not supported in the generated HTML version: tt
  [javadoc]  * <tt>OrderParser</tt> object can register a <tt>OrderCompleter</tt> object. In such a case the
  [javadoc]                                               ^
  [javadoc] /var/www/vhosts/narabi.de/magellan/development/magellan2/src-library/magellan/library/gamebinding/EresseaOrderParser.java:40: error: tag not supported in the generated HTML version: tt
  [javadoc]  * <tt>OrderParser</tt> will call the corresponding methods of the <tt>OrderCompleter</tt> if it
  [javadoc]    ^
  [javadoc] /var/www/vhosts/narabi.de/magellan/development/magellan2/src-library/magellan/library/gamebinding/EresseaOrderParser.java:40: error: tag not supported in the generated HTML version: tt
  [javadoc]  * <tt>OrderParser</tt> will call the corresponding methods of the <tt>OrderCompleter</tt> if it
  [javadoc]                                                                    ^
  [javadoc] /var/www/vhosts/narabi.de/magellan/development/magellan2/src-library/magellan/library/impl/MagellanBorderImpl.java:24: error: bad use of '>'
  [javadoc]  * Container class for a region border based on its representation in a cr version > 45.
  [javadoc]                                                                                    ^
  [javadoc] /var/www/vhosts/narabi.de/magellan/development/magellan2/src-library/magellan/library/impl/MagellanMessageImpl.java:36: error: bad use of '>'
  [javadoc]  * The new format of messages in Eressea CR versions >= 41 made it necessary to reconsider this
  [javadoc]                                                      ^
  [javadoc] /var/www/vhosts/narabi.de/magellan/development/magellan2/src-library/magellan/library/impl/MagellanMessageImpl.java:44: error: tag not supported in the generated HTML version: tt
  [javadoc]  * transformed into a <tt>MessageType</tt> object.
  [javadoc]                       ^
  [javadoc] /var/www/vhosts/narabi.de/magellan/development/magellan2/src-library/magellan/library/impl/MagellanMessageImpl.java:49: error: tag not supported in the generated HTML version: tt
  [javadoc]  * other attributes. This class does contain a <tt>render()</tt> method, still, it is too primitive
  [javadoc]                                                ^
  [javadoc] /var/www/vhosts/narabi.de/magellan/development/magellan2/src-library/magellan/library/impl/MagellanMessageImpl.java:54: error: tag not supported in the generated HTML version: tt
  [javadoc]  * Note, that for historic reasons, a <tt>Message</tt> object might have no type or attributes and
  [javadoc]                                       ^
  [javadoc] /var/www/vhosts/narabi.de/magellan/development/magellan2/src-library/magellan/library/impl/MagellanPotionImpl.java:29: error: bad use of '>'
  [javadoc]  * Container class for a potion based on its representation in a cr version >= 42.
  [javadoc]                                                                             ^
  [javadoc] /var/www/vhosts/narabi.de/magellan/development/magellan2/src-library/magellan/library/impl/MagellanSpellImpl.java:27: error: bad use of '>'
  [javadoc]  * Container class for a spell based on its representation in a cr version >= 42.
  [javadoc]                                                                            ^
  [javadoc] /var/www/vhosts/narabi.de/magellan/development/magellan2/src-library/magellan/library/io/cr/Scanner.java:25: error: self-closing element not allowed
  [javadoc]  * A simple class for tokenizing lines of an input file. Lines of the form <br/>
  [javadoc]                                                                            ^
  [javadoc] /var/www/vhosts/narabi.de/magellan/development/magellan2/src-library/magellan/library/io/cr/Scanner.java:26: error: tag not supported in the generated HTML version: tt
  [javadoc]  * <tt>number;key</tt> are parsed as two tokens,<br/>
  [javadoc]    ^
  [javadoc] /var/www/vhosts/narabi.de/magellan/development/magellan2/src-library/magellan/library/io/cr/Scanner.java:26: error: self-closing element not allowed
  [javadoc]  * <tt>number;key</tt> are parsed as two tokens,<br/>
  [javadoc]                                                 ^
  [javadoc] /var/www/vhosts/narabi.de/magellan/development/magellan2/src-library/magellan/library/io/cr/Scanner.java:27: error: tag not supported in the generated HTML version: tt
  [javadoc]  * <tt>"string";key</tt> are parsed as two tokens,<br/>
  [javadoc]    ^
  [javadoc] /var/www/vhosts/narabi.de/magellan/development/magellan2/src-library/magellan/library/io/cr/Scanner.java:27: error: self-closing element not allowed
  [javadoc]  * <tt>"string";key</tt> are parsed as two tokens,<br/>
  [javadoc]                                                   ^
  [javadoc] /var/www/vhosts/narabi.de/magellan/development/magellan2/src-library/magellan/library/io/cr/Scanner.java:28: error: tag not supported in the generated HTML version: tt
  [javadoc]  * <tt>BLOCK</tt> are parsed as a block,<br/>
  [javadoc]    ^
  [javadoc] /var/www/vhosts/narabi.de/magellan/development/magellan2/src-library/magellan/library/io/cr/Scanner.java:28: error: self-closing element not allowed
  [javadoc]  * <tt>BLOCK</tt> are parsed as a block,<br/>
  [javadoc]                                         ^
  [javadoc] /var/www/vhosts/narabi.de/magellan/development/magellan2/src-library/magellan/library/io/cr/Scanner.java:29: error: tag not supported in the generated HTML version: tt
  [javadoc]  * <tt>BLOCK id</tt> are parsed as a block with ID.<br/>
  [javadoc]    ^
  [javadoc] /var/www/vhosts/narabi.de/magellan/development/magellan2/src-library/magellan/library/io/cr/Scanner.java:29: error: self-closing element not allowed
  [javadoc]  * <tt>BLOCK id</tt> are parsed as a block with ID.<br/>
  [javadoc]                                                    ^
  [javadoc] /var/www/vhosts/narabi.de/magellan/development/magellan2/src-library/magellan/library/utils/OrderTokenizer.java:24: error: tag not supported in the generated HTML version: tt
  [javadoc]  * Splits a string into <tt>OrderToken</tt> objects. The tokenizer recognizes quoted strings and
  [javadoc]                         ^
  [javadoc] /var/www/vhosts/narabi.de/magellan/development/magellan2/src-library/magellan/library/utils/OrderTokenizer.java:29: error: tag not supported in the generated HTML version: tt
  [javadoc]  * <tt>OrderToken</tt> objects reflect the actual position and length of the token on the underlying
  [javadoc]    ^
  [javadoc] /var/www/vhosts/narabi.de/magellan/development/magellan2/src-library/magellan/library/utils/TagMap.java:27: error: malformed HTML
  [javadoc]  * I'm not really sure why this class is here. It implements Map<String, String>. It's probably just
  [javadoc]                                                                 ^
  [javadoc] /var/www/vhosts/narabi.de/magellan/development/magellan2/src-library/magellan/library/utils/TagMap.java:27: error: bad use of '>'
  [javadoc]  * I'm not really sure why this class is here. It implements Map<String, String>. It's probably just
  [javadoc]                                                                                ^
  [javadoc] /var/www/vhosts/narabi.de/magellan/development/magellan2/src-library/magellan/library/utils/TagMap.java:34: error: malformed HTML
  [javadoc]  * @deprecated (stm) Nobody seems to really need this class. A simple Map<String, String> would do.
  [javadoc]                                                                          ^
  [javadoc] /var/www/vhosts/narabi.de/magellan/development/magellan2/src-library/magellan/library/utils/TagMap.java:34: error: bad use of '>'
  [javadoc]  * @deprecated (stm) Nobody seems to really need this class. A simple Map<String, String> would do.
  [javadoc]                                                                                         ^
  [javadoc] /var/www/vhosts/narabi.de/magellan/development/magellan2/src-library/magellan/library/utils/Taggable.java:24: error: malformed HTML
  [javadoc]  * A Taggable object works much like a Map<String, String>. Use it for for assigning additional tags
  [javadoc]                                           ^
  [javadoc] /var/www/vhosts/narabi.de/magellan/development/magellan2/src-library/magellan/library/utils/Taggable.java:24: error: bad use of '>'
  [javadoc]  * A Taggable object works much like a Map<String, String>. Use it for for assigning additional tags
  [javadoc]                                                          ^
  [javadoc] /var/www/vhosts/narabi.de/magellan/development/magellan2/src-library/magellan/library/utils/comparator/AllianceFactionComparator.java:22: error: tag not supported in the generated HTML version: tt
  [javadoc]  * A comparator imposing an ordering on <tt>Alliance</tt> objects by comparing the factions they
  [javadoc]                                         ^
  [javadoc] /var/www/vhosts/narabi.de/magellan/development/magellan2/src-library/magellan/library/utils/comparator/FactionDetailComparator.java:20: error: tag not supported in the generated HTML version: tt
  [javadoc]  * A comparator imposing an ordering on <tt>Faction</tt> objects by comparing their <i>exact</i>
  [javadoc]                                         ^
  [javadoc] /var/www/vhosts/narabi.de/magellan/development/magellan2/src-library/magellan/library/utils/comparator/FactionTrustComparator.java:22: error: tag not supported in the generated HTML version: tt
  [javadoc]  * A comparator imposing an ordering on <tt>Faction</tt> objects by comparing the trust levels.
  [javadoc]                                         ^
  [javadoc] /var/www/vhosts/narabi.de/magellan/development/magellan2/src-library/magellan/library/utils/comparator/SortIndexComparator.java:34: error: malformed HTML
  [javadoc]  * results! For example, if this comparator returns compare(o2, o3) < 0 and is undefined on other
  [javadoc]                                                                     ^
  [javadoc] /var/www/vhosts/narabi.de/magellan/development/magellan2/src-library/magellan/library/utils/comparator/SortIndexComparator.java:35: error: malformed HTML
  [javadoc]  * both (o1, o3) and (o1, o2), and the subcomparator returns compare(o1, o2) < 0 and compare(o3, o1)
  [javadoc]                                                                              ^
  [javadoc] /var/www/vhosts/narabi.de/magellan/development/magellan2/src-library/magellan/library/utils/comparator/SortIndexComparator.java:36: error: malformed HTML
  [javadoc]  * < 0, then it is impossible to predict if a sorting algorithm might return the ordering (o1, o2,
  [javadoc]    ^
  [javadoc] /var/www/vhosts/narabi.de/magellan/development/magellan2/src-library/magellan/library/utils/mapping/EasyLevelMapping.java:30: error: malformed HTML
  [javadoc]  * <x,y> in different level are related to each other.
  [javadoc]    ^
  [javadoc] /var/www/vhosts/narabi.de/magellan/development/magellan2/src-library/magellan/library/utils/mapping/EasyLevelMapping.java:30: error: bad use of '>'
  [javadoc]  * <x,y> in different level are related to each other.
  [javadoc]        ^
  [javadoc] /var/www/vhosts/narabi.de/magellan/development/magellan2/src-library/magellan/library/utils/replacers/RegionTypeSwitch.java:26: error: bad use of '>'
  [javadoc]  * <li>RegionType object -> direct test</li>
  [javadoc]                           ^
  [javadoc] /var/www/vhosts/narabi.de/magellan/development/magellan2/src-library/magellan/library/utils/replacers/RegionTypeSwitch.java:27: error: bad use of '>'
  [javadoc]  * <li>StringID -> compares given region's type ID</li>
  [javadoc]                  ^
  [javadoc] /var/www/vhosts/narabi.de/magellan/development/magellan2/src-library/magellan/library/utils/replacers/RegionTypeSwitch.java:28: error: bad use of '>'
  [javadoc]  * <li>String -> creates a StringID</li>
  [javadoc]                ^
  [javadoc] /var/www/vhosts/narabi.de/magellan/development/magellan2/src-library/magellan/library/utils/replacers/RegionTypeSwitch.java:30: error: unexpected end tag: </p>
  [javadoc]  * </p>
  [javadoc]    ^
  [javadoc] /var/www/vhosts/narabi.de/magellan/development/magellan2/src-plugins/magellan/plugin/extendedcommands/ExtendedCommandsDock.java:63: error: self-closing element not allowed
  [javadoc]  * This is a dialog to edit the script/commands for a given unit. <br />
  [javadoc]                                                                   ^
  [javadoc] /var/www/vhosts/narabi.de/magellan/development/magellan2/src-plugins/magellan/plugin/extendedcommands/Script.java:33: error: self-closing element not allowed
  [javadoc]  * This is a container for a script. It contains some informations about a beanshell script:<br/>
  [javadoc]                                                                                             ^
  [javadoc] /var/www/vhosts/narabi.de/magellan/development/magellan2/src-plugins/magellan/plugin/extendedcommands/Script.java:34: error: self-closing element not allowed
  [javadoc]  * 1. of course the script text itself<br/>
  [javadoc]                                       ^
  [javadoc] /var/www/vhosts/narabi.de/magellan/development/magellan2/src-plugins/magellan/plugin/extendedcommands/Script.java:35: error: self-closing element not allowed
  [javadoc]  * 2. the unit or unitcontainer number<br/>
  [javadoc]                                       ^
  [javadoc] /var/www/vhosts/narabi.de/magellan/development/magellan2/src-plugins/magellan/plugin/extendedcommands/Script.java:36: error: self-closing element not allowed
  [javadoc]  * 3. the last known cursor position (or null)<br/>
  [javadoc]                                               ^
  [javadoc] /var/www/vhosts/narabi.de/magellan/development/magellan2/src-client/magellan/client/actions/MenuAction.java:64: warning: no @return
  [javadoc]   protected abstract String getNameTranslated();
  [javadoc]                             ^
  [javadoc] /var/www/vhosts/narabi.de/magellan/development/magellan2/src-client/magellan/client/actions/MenuAction.java:81: warning: no @return
  [javadoc]   protected abstract String getTooltipTranslated();
  [javadoc]                             ^
  [javadoc] /var/www/vhosts/narabi.de/magellan/development/magellan2/src-client/magellan/client/actions/MenuAction.java:99: warning: no @param for e
  [javadoc]   public abstract void menuActionPerformed(ActionEvent e);
  [javadoc]                        ^
  [javadoc] /var/www/vhosts/narabi.de/magellan/development/magellan2/src-client/magellan/client/actions/MenuAction.java:104: warning: no @param for name
  [javadoc]   protected void setName(String name) {
  [javadoc]                  ^
  [javadoc] /var/www/vhosts/narabi.de/magellan/development/magellan2/src-client/magellan/client/actions/MenuAction.java:111: warning: no @return
  [javadoc]   protected String getName() {
  [javadoc]                    ^
  [javadoc] /var/www/vhosts/narabi.de/magellan/development/magellan2/src-client/magellan/client/actions/MenuAction.java:118: warning: no @param for aName
  [javadoc]   public void setIcon(String aName) {
  [javadoc]               ^
  [javadoc] /var/www/vhosts/narabi.de/magellan/development/magellan2/src-client/magellan/client/actions/MenuAction.java:136: warning: no @return
  [javadoc]   public String getIconName() {
  [javadoc]                 ^
  [javadoc] /var/www/vhosts/narabi.de/magellan/development/magellan2/src-client/magellan/client/swing/context/actions/ContextAction.java:44: warning: no @param for <T>
  [javadoc]   public static <T> List<T> filterObjects(Collection<?> selectedObjects, Class<T> clazz) {
  [javadoc]                             ^
  [javadoc] /var/www/vhosts/narabi.de/magellan/development/magellan2/src-client/magellan/client/swing/context/actions/ContextAction.java:66: warning: no @param for name
  [javadoc]   protected void setName(String name) {
  [javadoc]                  ^
  [javadoc] /var/www/vhosts/narabi.de/magellan/development/magellan2/src-client/magellan/client/swing/context/actions/ContextAction.java:73: warning: no @return
  [javadoc]   protected String getName() {
  [javadoc]                    ^
  [javadoc] /var/www/vhosts/narabi.de/magellan/development/magellan2/src-client/magellan/client/swing/context/actions/ContextAction.java:81: warning: no @return
  [javadoc]   protected abstract String getNameTranslated();/*
  [javadoc]                             ^
  [javadoc] /var/www/vhosts/narabi.de/magellan/development/magellan2/src-library/magellan/library/gamebinding/GameConstants.java:41: warning: no @param for cat
  [javadoc]   public static StringID getAllianceKey(String cat) {
  [javadoc]                          ^
  [javadoc] /var/www/vhosts/narabi.de/magellan/development/magellan2/src-library/magellan/library/gamebinding/GameConstants.java:41: warning: no @return
  [javadoc]   public static StringID getAllianceKey(String cat) {
  [javadoc]                          ^
  [javadoc] /var/www/vhosts/narabi.de/magellan/development/magellan2/src-library/magellan/library/gamebinding/GameSpecificRules.java:48: warning: no @param for region
  [javadoc]   public Integer getMaxWorkers(Region region);
  [javadoc]                  ^
  [javadoc] /var/www/vhosts/narabi.de/magellan/development/magellan2/src-library/magellan/library/gamebinding/GameSpecificRules.java:48: warning: no @return
  [javadoc]   public Integer getMaxWorkers(Region region);
  [javadoc]                  ^
  [javadoc] /var/www/vhosts/narabi.de/magellan/development/magellan2/src-library/magellan/library/gamebinding/GameSpecificRules.java:53: warning: no @param for region
  [javadoc]   public Integer getMaxEntertain(Region region);
  [javadoc]                  ^
  [javadoc] /var/www/vhosts/narabi.de/magellan/development/magellan2/src-library/magellan/library/gamebinding/GameSpecificRules.java:53: warning: no @return
  [javadoc]   public Integer getMaxEntertain(Region region);
  [javadoc]                  ^
  [javadoc] /var/www/vhosts/narabi.de/magellan/development/magellan2/src-library/magellan/library/gamebinding/GameSpecificRules.java:58: warning: no @param for region
  [javadoc]   public Integer getMaxOldEntertain(Region region);
  [javadoc]                  ^
  [javadoc] /var/www/vhosts/narabi.de/magellan/development/magellan2/src-library/magellan/library/gamebinding/GameSpecificRules.java:58: warning: no @return
  [javadoc]   public Integer getMaxOldEntertain(Region region);
  [javadoc]                  ^
  [javadoc] /var/www/vhosts/narabi.de/magellan/development/magellan2/src-library/magellan/library/gamebinding/GameSpecificRules.java:64: warning: no @param for ship
  [javadoc]   public boolean isShip(Ship ship);
  [javadoc]                  ^
  [javadoc] /var/www/vhosts/narabi.de/magellan/development/magellan2/src-library/magellan/library/gamebinding/GameSpecificRules.java:64: warning: no @return
  [javadoc]   public boolean isShip(Ship ship);
  [javadoc]                  ^
  [javadoc] /var/www/vhosts/narabi.de/magellan/development/magellan2/src-library/magellan/library/gamebinding/GameSpecificRules.java:69: warning: no @param for ship
  [javadoc]   public boolean canLandInRegion(Ship ship, Region region);
  [javadoc]                  ^
  [javadoc] /var/www/vhosts/narabi.de/magellan/development/magellan2/src-library/magellan/library/gamebinding/GameSpecificRules.java:69: warning: no @param for region
  [javadoc]   public boolean canLandInRegion(Ship ship, Region region);
  [javadoc]                  ^
  [javadoc] /var/www/vhosts/narabi.de/magellan/development/magellan2/src-library/magellan/library/gamebinding/GameSpecificRules.java:69: warning: no @return
  [javadoc]   public boolean canLandInRegion(Ship ship, Region region);
  [javadoc]                  ^
  [javadoc] /var/www/vhosts/narabi.de/magellan/development/magellan2/src-library/magellan/library/gamebinding/GameSpecificRules.java:74: warning: no @param for s
  [javadoc]   public int getShipRange(Ship s);
  [javadoc]              ^
  [javadoc] /var/www/vhosts/narabi.de/magellan/development/magellan2/src-library/magellan/library/gamebinding/GameSpecificRules.java:74: warning: no @return
  [javadoc]   public int getShipRange(Ship s);
  [javadoc]              ^
  [javadoc] /var/www/vhosts/narabi.de/magellan/development/magellan2/src-library/magellan/library/gamebinding/GameSpecificRules.java:80: warning: no @param for region
  [javadoc]   public int getWage(Region region, Race race);
  [javadoc]              ^
  [javadoc] /var/www/vhosts/narabi.de/magellan/development/magellan2/src-library/magellan/library/gamebinding/GameSpecificRules.java:80: warning: no @param for race
  [javadoc]   public int getWage(Region region, Race race);
  [javadoc]              ^
  [javadoc] /var/www/vhosts/narabi.de/magellan/development/magellan2/src-library/magellan/library/gamebinding/GameSpecificRules.java:80: warning: no @return
  [javadoc]   public int getWage(Region region, Race race);
  [javadoc]              ^
  [javadoc] /var/www/vhosts/narabi.de/magellan/development/magellan2/src-library/magellan/library/gamebinding/GameSpecificRules.java:85: warning: no @param for region
  [javadoc]   public int getPeasantMaintenance(Region region);
  [javadoc]              ^
  [javadoc] /var/www/vhosts/narabi.de/magellan/development/magellan2/src-library/magellan/library/gamebinding/GameSpecificRules.java:85: warning: no @return
  [javadoc]   public int getPeasantMaintenance(Region region);
  [javadoc]              ^
  [javadoc] /var/www/vhosts/narabi.de/magellan/development/magellan2/src-library/magellan/library/gamebinding/GameSpecificRules.java:90: warning: no @return
  [javadoc]   public int getTeachFactor();
  [javadoc]              ^
  [javadoc] /var/www/vhosts/narabi.de/magellan/development/magellan2/src-library/magellan/library/gamebinding/GameSpecificRules.java:95: warning: no @return
  [javadoc]   public int getSilverPerWeightUnit();
  [javadoc]              ^
  [javadoc] /var/www/vhosts/narabi.de/magellan/development/magellan2/src-library/magellan/library/gamebinding/GameSpecificRules.java:100: warning: no @param for type
  [javadoc]   public boolean isCastle(UnitContainerType type);
  [javadoc]                  ^
  [javadoc] /var/www/vhosts/narabi.de/magellan/development/magellan2/src-library/magellan/library/gamebinding/GameSpecificRules.java:100: warning: no @return
  [javadoc]   public boolean isCastle(UnitContainerType type);
  [javadoc]                  ^
  [javadoc] /var/www/vhosts/narabi.de/magellan/development/magellan2/src-library/magellan/library/gamebinding/GameSpecificRules.java:105: warning: no description for @param
  [javadoc]    * @param u
  [javadoc]      ^
  [javadoc] /var/www/vhosts/narabi.de/magellan/development/magellan2/src-library/magellan/library/gamebinding/GameSpecificRules.java:107: warning: no @return
  [javadoc]   public int getMaxHorsesWalking(Unit u);
  [javadoc]              ^
  [javadoc] /var/www/vhosts/narabi.de/magellan/development/magellan2/src-library/magellan/library/gamebinding/GameSpecificRules.java:112: warning: no description for @param
  [javadoc]    * @param u
  [javadoc]      ^
  [javadoc] /var/www/vhosts/narabi.de/magellan/development/magellan2/src-library/magellan/library/gamebinding/GameSpecificRules.java:114: warning: no @return
  [javadoc]   public int getMaxHorsesRiding(Unit u);
  [javadoc]              ^
  [javadoc] /var/www/vhosts/narabi.de/magellan/development/magellan2/src-library/magellan/library/gamebinding/GameSpecificRules.java:119: warning: no description for @param
  [javadoc]    * @param unit
  [javadoc]      ^
  [javadoc] /var/www/vhosts/narabi.de/magellan/development/magellan2/src-library/magellan/library/gamebinding/GameSpecificRules.java:129: warning: no description for @param
  [javadoc]    * @param unit
  [javadoc]      ^
  [javadoc] /var/www/vhosts/narabi.de/magellan/development/magellan2/src-library/magellan/library/gamebinding/GameSpecificRules.java:140: warning: no description for @param
  [javadoc]    * @param u
  [javadoc]      ^
  [javadoc] /var/www/vhosts/narabi.de/magellan/development/magellan2/src-library/magellan/library/gamebinding/GameSpecificRules.java:141: warning: no description for @param
  [javadoc]    * @param race
  [javadoc]      ^
  [javadoc] /var/www/vhosts/narabi.de/magellan/development/magellan2/src-library/magellan/library/gamebinding/GameSpecificRules.java:143: warning: no @return
  [javadoc]   public int getRecruitmentLimit(Unit u, Race race);
  [javadoc]              ^
  [javadoc] /var/www/vhosts/narabi.de/magellan/development/magellan2/src-library/magellan/library/gamebinding/GameSpecificRules.java:148: warning: no @param for faction
  [javadoc]   public boolean isAllied(Faction faction, Faction ally, int aState);
  [javadoc]                  ^
  [javadoc] /var/www/vhosts/narabi.de/magellan/development/magellan2/src-library/magellan/library/gamebinding/GameSpecificRules.java:148: warning: no @param for ally
  [javadoc]   public boolean isAllied(Faction faction, Faction ally, int aState);
  [javadoc]                  ^
  [javadoc] /var/www/vhosts/narabi.de/magellan/development/magellan2/src-library/magellan/library/gamebinding/GameSpecificRules.java:148: warning: no @param for aState
  [javadoc]   public boolean isAllied(Faction faction, Faction ally, int aState);
  [javadoc]                  ^
  [javadoc] /var/www/vhosts/narabi.de/magellan/development/magellan2/src-library/magellan/library/gamebinding/GameSpecificRules.java:148: warning: no @return
  [javadoc]   public boolean isAllied(Faction faction, Faction ally, int aState);
  [javadoc]                  ^
  [javadoc] /var/www/vhosts/narabi.de/magellan/development/magellan2/src-library/magellan/library/gamebinding/GameSpecificRules.java:153: warning: no @param for region
  [javadoc]   public int getMaxTrade(Region region);
  [javadoc]              ^
  [javadoc] /var/www/vhosts/narabi.de/magellan/development/magellan2/src-library/magellan/library/gamebinding/GameSpecificRules.java:153: warning: no @return
  [javadoc]   public int getMaxTrade(Region region);
  [javadoc]              ^
  [javadoc] /var/www/vhosts/narabi.de/magellan/development/magellan2/src-library/magellan/library/gamebinding/GameSpecificRules.java:160: warning: no @param for b
  [javadoc]   public Unit getMaintainer(Building b);
  [javadoc]               ^
  [javadoc] /var/www/vhosts/narabi.de/magellan/development/magellan2/src-library/magellan/library/gamebinding/MapMetric.java:46: warning: no @param for from
  [javadoc]   Direction getDirection(CoordinateID from, CoordinateID to);
  [javadoc]             ^
  [javadoc] /var/www/vhosts/narabi.de/magellan/development/magellan2/src-library/magellan/library/gamebinding/MapMetric.java:46: warning: no @param for to
  [javadoc]   Direction getDirection(CoordinateID from, CoordinateID to);
  [javadoc]             ^
  [javadoc] /var/www/vhosts/narabi.de/magellan/development/magellan2/src-library/magellan/library/gamebinding/MapMetric.java:53: warning: no @param for from
  [javadoc]   Direction getDirection(Region from, Region to);
  [javadoc]             ^
  [javadoc] /var/www/vhosts/narabi.de/magellan/development/magellan2/src-library/magellan/library/gamebinding/MapMetric.java:53: warning: no @param for to
  [javadoc]   Direction getDirection(Region from, Region to);
  [javadoc]             ^
  [javadoc] /var/www/vhosts/narabi.de/magellan/development/magellan2/src-library/magellan/library/gamebinding/MapMetric.java:60: warning: no @param for dirCode
  [javadoc]   Direction toDirection(int dirCode);
  [javadoc]             ^
  [javadoc] /var/www/vhosts/narabi.de/magellan/development/magellan2/src-library/magellan/library/gamebinding/MapMetric.java:60: warning: no @return
  [javadoc]   Direction toDirection(int dirCode);
  [javadoc]             ^
  [javadoc] /var/www/vhosts/narabi.de/magellan/development/magellan2/src-library/magellan/library/gamebinding/MapMetric.java:65: warning: no @return
  [javadoc]   List<Direction> getDirections();
  [javadoc]                   ^
  [javadoc] /var/www/vhosts/narabi.de/magellan/development/magellan2/src-library/magellan/library/gamebinding/MapMetric.java:70: warning: no @param for d
  [javadoc]   Direction opposite(Direction d);
  [javadoc]             ^
  [javadoc] /var/www/vhosts/narabi.de/magellan/development/magellan2/src-library/magellan/library/gamebinding/MapMetric.java:70: warning: no @return
  [javadoc]   Direction opposite(Direction d);
  [javadoc]             ^
  [javadoc] /var/www/vhosts/narabi.de/magellan/development/magellan2/src-library/magellan/library/gamebinding/MapMetric.java:78: warning: no @param for c
  [javadoc]   CoordinateID translate(CoordinateID c, Direction direction);
  [javadoc]                ^
  [javadoc] /var/www/vhosts/narabi.de/magellan/development/magellan2/src-library/magellan/library/gamebinding/MapMetric.java:78: warning: no @param for direction
  [javadoc]   CoordinateID translate(CoordinateID c, Direction direction);
  [javadoc]                ^
  [javadoc] /var/www/vhosts/narabi.de/magellan/development/magellan2/src-library/magellan/library/gamebinding/MapMetric.java:85: warning: no @param for from
  [javadoc]   int getDifference(Direction from, Direction to);
  [javadoc]       ^
  [javadoc] /var/www/vhosts/narabi.de/magellan/development/magellan2/src-library/magellan/library/gamebinding/MapMetric.java:85: warning: no @param for to
  [javadoc]   int getDifference(Direction from, Direction to);
  [javadoc]       ^
  [javadoc] /var/www/vhosts/narabi.de/magellan/development/magellan2/src-library/magellan/library/gamebinding/MapMetric.java:85: warning: no @return
  [javadoc]   int getDifference(Direction from, Direction to);
  [javadoc]       ^
  [javadoc] /var/www/vhosts/narabi.de/magellan/development/magellan2/src-library/magellan/library/gamebinding/MapMetric.java:90: warning: no @return
  [javadoc]   BBox createBBox();
  [javadoc]        ^
  [javadoc] /var/www/vhosts/narabi.de/magellan/development/magellan2/src-library/magellan/library/gamebinding/EresseaMapMetric.java:77: warning: no @param for rules
  [javadoc]   public EresseaMapMetric(Rules rules) {
  [javadoc]          ^
  [javadoc] /var/www/vhosts/narabi.de/magellan/development/magellan2/src-library/magellan/library/gamebinding/EresseaMapMetric.java:91: warning: no @param for x
  [javadoc]   public Direction toDirection(int x, int y) {
  [javadoc]                    ^
  [javadoc] /var/www/vhosts/narabi.de/magellan/development/magellan2/src-library/magellan/library/gamebinding/EresseaMapMetric.java:91: warning: no @param for y
  [javadoc]   public Direction toDirection(int x, int y) {
  [javadoc]                    ^
  [javadoc] /var/www/vhosts/narabi.de/magellan/development/magellan2/src-library/magellan/library/gamebinding/EresseaMapMetric.java:91: warning: no @return
  [javadoc]   public Direction toDirection(int x, int y) {
  [javadoc]                    ^
  [javadoc] /var/www/vhosts/narabi.de/magellan/development/magellan2/src-library/magellan/library/gamebinding/atlantis/AtlantisMapMetric.java:76: warning: no @param for rules
  [javadoc]   public AtlantisMapMetric(Rules rules) {
  [javadoc]          ^
  [javadoc] /var/www/vhosts/narabi.de/magellan/development/magellan2/src-library/magellan/library/utils/Direction.java:64: warning: no @return
  [javadoc]   public StringID getId() {
  [javadoc]                   ^
  [javadoc] /var/www/vhosts/narabi.de/magellan/development/magellan2/src-library/magellan/library/utils/Direction.java:71: warning: no @return
  [javadoc]   public String getIcon() {
  [javadoc]                 ^
  [javadoc] /var/www/vhosts/narabi.de/magellan/development/magellan2/src-library/magellan/library/utils/Direction.java:79: warning: no @return
  [javadoc]   public CoordinateID toCoordinate() {
  [javadoc]                       ^
  [javadoc] /var/www/vhosts/narabi.de/magellan/development/magellan2/src-library/magellan/library/utils/Direction.java:86: warning: no @return
  [javadoc]   public int getDirCode() {
  [javadoc]              ^
  [javadoc] /var/www/vhosts/narabi.de/magellan/development/magellan2/src-library/magellan/library/gamebinding/MovementEvaluator.java:38: warning: no @param for unit
  [javadoc]   public int getPayloadOnHorse(Unit unit);
  [javadoc]              ^
  [javadoc] /var/www/vhosts/narabi.de/magellan/development/magellan2/src-library/magellan/library/gamebinding/MovementEvaluator.java:49: warning: no @param for unit
  [javadoc]   public int getPayloadOnFoot(Unit unit);
  [javadoc]              ^
  [javadoc] /var/www/vhosts/narabi.de/magellan/development/magellan2/src-library/magellan/library/gamebinding/MovementEvaluator.java:54: warning: no @param for unit
  [javadoc]   public int getLoad(Unit unit);
  [javadoc]              ^
  [javadoc] /var/www/vhosts/narabi.de/magellan/development/magellan2/src-library/magellan/library/gamebinding/MovementEvaluator.java:54: warning: no @return
  [javadoc]   public int getLoad(Unit unit);
  [javadoc]              ^
  [javadoc] /var/www/vhosts/narabi.de/magellan/development/magellan2/src-library/magellan/library/gamebinding/MovementEvaluator.java:60: warning: no @param for unit
  [javadoc]   public int getModifiedLoad(Unit unit);
  [javadoc]              ^
  [javadoc] /var/www/vhosts/narabi.de/magellan/development/magellan2/src-library/magellan/library/gamebinding/MovementEvaluator.java:60: warning: no @return
  [javadoc]   public int getModifiedLoad(Unit unit);
  [javadoc]              ^
  [javadoc] /var/www/vhosts/narabi.de/magellan/development/magellan2/src-library/magellan/library/gamebinding/MovementEvaluator.java:68: warning: no @param for unit
  [javadoc]   public int getWeight(Unit unit);
  [javadoc]              ^
  [javadoc] /var/www/vhosts/narabi.de/magellan/development/magellan2/src-library/magellan/library/gamebinding/MovementEvaluator.java:76: warning: no @param for unit
  [javadoc]   public int getModifiedWeight(Unit unit);
  [javadoc]              ^
  [javadoc] /var/www/vhosts/narabi.de/magellan/development/magellan2/src-library/magellan/library/gamebinding/MovementEvaluator.java:81: warning: no description for @param
  [javadoc]    * @param unit
  [javadoc]      ^
  [javadoc] /var/www/vhosts/narabi.de/magellan/development/magellan2/src-library/magellan/library/gamebinding/MovementEvaluator.java:91: warning: no @param for unit
  [javadoc]   public int getModifiedRadius(Unit unit, boolean onRoad);
  [javadoc]              ^
  [javadoc] /var/www/vhosts/narabi.de/magellan/development/magellan2/src-library/magellan/library/gamebinding/MovementEvaluator.java:91: warning: no @param for onRoad
  [javadoc]   public int getModifiedRadius(Unit unit, boolean onRoad);
  [javadoc]              ^
  [javadoc] /var/www/vhosts/narabi.de/magellan/development/magellan2/src-library/magellan/library/gamebinding/MovementEvaluator.java:91: warning: no @return
  [javadoc]   public int getModifiedRadius(Unit unit, boolean onRoad);
  [javadoc]              ^
  [javadoc] /var/www/vhosts/narabi.de/magellan/development/magellan2/src-library/magellan/library/gamebinding/MovementEvaluator.java:97: warning: no description for @param
  [javadoc]    * @param unit
  [javadoc]      ^
  [javadoc] /var/www/vhosts/narabi.de/magellan/development/magellan2/src-library/magellan/library/gamebinding/MovementEvaluator.java:102: error: malformed HTML
  [javadoc]    *         <code><= path.size()-1</code>.
  [javadoc]                    ^
  [javadoc] /var/www/vhosts/narabi.de/magellan/development/magellan2/src-library/magellan/library/gamebinding/MovementEvaluator.java:114: warning: no description for @param
  [javadoc]    * @param unit
  [javadoc]      ^
  [javadoc] /var/www/vhosts/narabi.de/magellan/development/magellan2/src-library/magellan/library/gamebinding/MovementEvaluator.java:119: error: malformed HTML
  [javadoc]    *         <code><= path.size()-1</code>.
  [javadoc]                    ^
  [javadoc] /var/www/vhosts/narabi.de/magellan/development/magellan2/src-library/magellan/library/gamebinding/MovementEvaluator.java:129: warning: no description for @param
  [javadoc]    * @param unit
  [javadoc]      ^
  [javadoc] /var/www/vhosts/narabi.de/magellan/development/magellan2/src-library/magellan/library/gamebinding/MovementEvaluator.java:142: warning: no @param for u
  [javadoc]   public int getRadius(Unit u);
  [javadoc]              ^
  [javadoc] /var/www/vhosts/narabi.de/magellan/development/magellan2/src-library/magellan/library/gamebinding/MovementEvaluator.java:142: warning: no @return
  [javadoc]   public int getRadius(Unit u);
  [javadoc]              ^
  [javadoc] /var/www/vhosts/narabi.de/magellan/development/magellan2/src-library/magellan/library/gamebinding/MovementEvaluator.java:152: warning: no @param for u
  [javadoc]   public int getRadius(Unit u, boolean onRoad);
  [javadoc]              ^
  [javadoc] /var/www/vhosts/narabi.de/magellan/development/magellan2/src-library/magellan/library/gamebinding/MovementEvaluator.java:152: warning: no @param for onRoad
  [javadoc]   public int getRadius(Unit u, boolean onRoad);
  [javadoc]              ^
  [javadoc] /var/www/vhosts/narabi.de/magellan/development/magellan2/src-library/magellan/library/gamebinding/MovementEvaluator.java:152: warning: no @return
  [javadoc]   public int getRadius(Unit u, boolean onRoad);
  [javadoc]              ^
  [javadoc] /var/www/vhosts/narabi.de/magellan/development/magellan2/src-library/magellan/library/gamebinding/MovementEvaluator.java:157: warning: no description for @param
  [javadoc]    * @param unit
  [javadoc]      ^
  [javadoc] /var/www/vhosts/narabi.de/magellan/development/magellan2/src-library/magellan/library/gamebinding/MovementEvaluator.java:165: warning: no description for @param
  [javadoc]    * @param u
  [javadoc]      ^
  [javadoc] /var/www/vhosts/narabi.de/magellan/development/magellan2/src-library/magellan/library/gamebinding/MovementEvaluator.java:174: warning: no description for @param
  [javadoc]    * @param u
  [javadoc]      ^
  [javadoc] /var/www/vhosts/narabi.de/magellan/development/magellan2/src-library/magellan/library/gamebinding/MovementEvaluator.java:183: warning: no description for @param
  [javadoc]    * @param u
  [javadoc]      ^
  [javadoc] /var/www/vhosts/narabi.de/magellan/development/magellan2/src-library/magellan/library/gamebinding/MovementEvaluator.java:192: warning: no description for @param
  [javadoc]    * @param unit
  [javadoc]      ^
  [javadoc] /var/www/vhosts/narabi.de/magellan/development/magellan2/src-library/magellan/library/HasCache.java:32: error: self-closing element not allowed
  [javadoc]    * Returns <code>false</code> if this unit does not have a cache. The reverse is not always true:<br/>
  [javadoc]                                                                                                    ^
  [javadoc] /var/www/vhosts/narabi.de/magellan/development/magellan2/src-library/magellan/library/HasCache.java:34: error: self-closing element not allowed
  [javadoc]    * new cache.<br/>
  [javadoc]                ^

BUILD SUCCESSFUL
Total time: 26 seconds
2019.06.24-00:07:40 Ready...
2019.06.24-00:07:40 ----------------------------------------------------------
2019.06.24-00:07:40 Creating web data in nightly-build
2019.06.24-00:07:41 ----------------------------------------------------------
2019.06.24-00:07:41 EoF
